INFO:     Started server process [19844]
INFO:     Waiting for application startup.
INFO:     Application startup complete.
INFO:     Uvicorn running on http://0.0.0.0:8000 (Press CTRL+C to quit)
ERROR:    Exception in ASGI application
  + Exception Group Traceback (most recent call last):
  |   File "D:\PCS\backend-v2\backend\.venv\Lib\site-packages\starlette\_utils.py", line 85, in create_collapsing_task_group
  |     async with anyio.create_task_group() as tg:
  |   File "D:\PCS\backend-v2\backend\.venv\Lib\site-packages\anyio\_backends\_asyncio.py", line 811, in __aexit__
  |     raise BaseExceptionGroup(
  | ExceptionGroup: unhandled errors in a TaskGroup (1 sub-exception)
  +-+---------------- 1 ----------------
    | Traceback (most recent call last):
    |   File "D:\PCS\backend-v2\backend\.venv\Lib\site-packages\uvicorn\protocols\http\httptools_impl.py", line 421, in run_asgi
    |     result = await app(  # type: ignore[func-returns-value]
    |              ^^^^^^^^^^^^^^^^^^^^^^^^^^^^^^^^^^^^^^^^^^^^^^
    |   File "D:\PCS\backend-v2\backend\.venv\Lib\site-packages\uvicorn\middleware\proxy_headers.py", line 62, in __call__
    |     return await self.app(scope, receive, send)
    |            ^^^^^^^^^^^^^^^^^^^^^^^^^^^^^^^^^^^^
    |   File "D:\PCS\backend-v2\backend\.venv\Lib\site-packages\fastapi\applications.py", line 1163, in __call__
    |     await super().__call__(scope, receive, send)
    |   File "D:\PCS\backend-v2\backend\.venv\Lib\site-packages\starlette\applications.py", line 90, in __call__
    |     await self.middleware_stack(scope, receive, send)
    |   File "D:\PCS\backend-v2\backend\.venv\Lib\site-packages\starlette\middleware\errors.py", line 186, in __call__
    |     raise exc
    |   File "D:\PCS\backend-v2\backend\.venv\Lib\site-packages\starlette\middleware\errors.py", line 164, in __call__
    |     await self.app(scope, receive, _send)
    |   File "D:\PCS\backend-v2\backend\.venv\Lib\site-packages\starlette\middleware\cors.py", line 96, in __call__
    |     await self.simple_response(scope, receive, send, request_headers=headers)
    |   File "D:\PCS\backend-v2\backend\.venv\Lib\site-packages\starlette\middleware\cors.py", line 154, in simple_response
    |     await self.app(scope, receive, send)
    |   File "D:\PCS\backend-v2\backend\.venv\Lib\site-packages\starlette\middleware\base.py", line 193, in __call__
    |     response = await self.dispatch_func(request, call_next)
    |                ^^^^^^^^^^^^^^^^^^^^^^^^^^^^^^^^^^^^^^^^^^^^
    |   File "D:\PCS\backend-v2\backend\app\core\middleware.py", line 145, in dispatch
    |     return await call_next(request)
    |            ^^^^^^^^^^^^^^^^^^^^^^^^
    |   File "D:\PCS\backend-v2\backend\.venv\Lib\site-packages\starlette\middleware\base.py", line 168, in call_next
    |     raise app_exc from app_exc.__cause__ or app_exc.__context__
    |   File "D:\PCS\backend-v2\backend\.venv\Lib\site-packages\starlette\middleware\base.py", line 144, in coro
    |     await self.app(scope, receive_or_disconnect, send_no_error)
    |   File "D:\PCS\backend-v2\backend\.venv\Lib\site-packages\starlette\middleware\base.py", line 193, in __call__
    |     response = await self.dispatch_func(request, call_next)
    |                ^^^^^^^^^^^^^^^^^^^^^^^^^^^^^^^^^^^^^^^^^^^^
    |   File "D:\PCS\backend-v2\backend\app\core\middleware.py", line 67, in dispatch
    |     response = await call_next(request)
    |                ^^^^^^^^^^^^^^^^^^^^^^^^
    |   File "D:\PCS\backend-v2\backend\.venv\Lib\site-packages\starlette\middleware\base.py", line 168, in call_next
    |     raise app_exc from app_exc.__cause__ or app_exc.__context__
    |   File "D:\PCS\backend-v2\backend\.venv\Lib\site-packages\starlette\middleware\base.py", line 144, in coro
    |     await self.app(scope, receive_or_disconnect, send_no_error)
    |   File "D:\PCS\backend-v2\backend\.venv\Lib\site-packages\starlette\middleware\exceptions.py", line 63, in __call__
    |     await wrap_app_handling_exceptions(self.app, conn)(scope, receive, send)
    |   File "D:\PCS\backend-v2\backend\.venv\Lib\site-packages\starlette\_exception_handler.py", line 53, in wrapped_app
    |     raise exc
    |   File "D:\PCS\backend-v2\backend\.venv\Lib\site-packages\starlette\_exception_handler.py", line 42, in wrapped_app
    |     await app(scope, receive, sender)
    |   File "D:\PCS\backend-v2\backend\.venv\Lib\site-packages\fastapi\middleware\asyncexitstack.py", line 18, in __call__
    |     await self.app(scope, receive, send)
    |   File "D:\PCS\backend-v2\backend\.venv\Lib\site-packages\starlette\routing.py", line 660, in __call__
    |     await self.middleware_stack(scope, receive, send)
    |   File "D:\PCS\backend-v2\backend\.venv\Lib\site-packages\fastapi\routing.py", line 2683, in app
    |     await route.handle(scope, receive, send)
    |   File "D:\PCS\backend-v2\backend\.venv\Lib\site-packages\fastapi\routing.py", line 1753, in handle
    |     await self.original_router.handle(scope, receive, send)
    |   File "D:\PCS\backend-v2\backend\.venv\Lib\site-packages\fastapi\routing.py", line 2738, in handle
    |     await included_router._handle_selected(scope, receive, send)
    |   File "D:\PCS\backend-v2\backend\.venv\Lib\site-packages\fastapi\routing.py", line 1773, in _handle_selected
    |     await original_route.handle(scope, receive, send)
    |   File "D:\PCS\backend-v2\backend\.venv\Lib\site-packages\fastapi\routing.py", line 1264, in handle
    |     await app(scope, receive, send)
    |   File "D:\PCS\backend-v2\backend\.venv\Lib\site-packages\fastapi\routing.py", line 150, in app
    |     await wrap_app_handling_exceptions(app, request)(scope, receive, send)
    |   File "D:\PCS\backend-v2\backend\.venv\Lib\site-packages\starlette\_exception_handler.py", line 53, in wrapped_app
    |     raise exc
    |   File "D:\PCS\backend-v2\backend\.venv\Lib\site-packages\starlette\_exception_handler.py", line 42, in wrapped_app
    |     await app(scope, receive, sender)
    |   File "D:\PCS\backend-v2\backend\.venv\Lib\site-packages\fastapi\routing.py", line 136, in app
    |     response = await f(request)
    |                ^^^^^^^^^^^^^^^^
    |   File "D:\PCS\backend-v2\backend\.venv\Lib\site-packages\fastapi\routing.py", line 690, in app
    |     raw_response = await run_endpoint_function(
    |                    ^^^^^^^^^^^^^^^^^^^^^^^^^^^^
    |   File "D:\PCS\backend-v2\backend\.venv\Lib\site-packages\fastapi\routing.py", line 344, in run_endpoint_function
    |     return await dependant.call(**values)
    |            ^^^^^^^^^^^^^^^^^^^^^^^^^^^^^^
    |   File "D:\PCS\backend-v2\backend\app\modules\auth\router.py", line 72, in local_login
    |     async with engine.connect() as conn:
    |   File "D:\PCS\backend-v2\backend\.venv\Lib\site-packages\sqlalchemy\ext\asyncio\base.py", line 121, in __aenter__
    |     return await self.start(is_ctxmanager=True)
    |            ^^^^^^^^^^^^^^^^^^^^^^^^^^^^^^^^^^^^
    |   File "D:\PCS\backend-v2\backend\.venv\Lib\site-packages\sqlalchemy\ext\asyncio\engine.py", line 275, in start
    |     await greenlet_spawn(self.sync_engine.connect)
    |   File "D:\PCS\backend-v2\backend\.venv\Lib\site-packages\sqlalchemy\util\_concurrency_py3k.py", line 201, in greenlet_spawn
    |     result = context.throw(*sys.exc_info())
    |              ^^^^^^^^^^^^^^^^^^^^^^^^^^^^^^
    |   File "D:\PCS\backend-v2\backend\.venv\Lib\site-packages\sqlalchemy\engine\base.py", line 3295, in connect
    |     return self._connection_cls(self)
    |            ^^^^^^^^^^^^^^^^^^^^^^^^^^
    |   File "D:\PCS\backend-v2\backend\.venv\Lib\site-packages\sqlalchemy\engine\base.py", line 144, in __init__
    |     self._dbapi_connection = engine.raw_connection()
    |                              ^^^^^^^^^^^^^^^^^^^^^^^
    |   File "D:\PCS\backend-v2\backend\.venv\Lib\site-packages\sqlalchemy\engine\base.py", line 3319, in raw_connection
    |     return self.pool.connect()
    |            ^^^^^^^^^^^^^^^^^^^
    |   File "D:\PCS\backend-v2\backend\.venv\Lib\site-packages\sqlalchemy\pool\base.py", line 448, in connect
    |     return _ConnectionFairy._checkout(self)
    |            ^^^^^^^^^^^^^^^^^^^^^^^^^^^^^^^^
    |   File "D:\PCS\backend-v2\backend\.venv\Lib\site-packages\sqlalchemy\pool\base.py", line 1353, in _checkout
    |     with util.safe_reraise():
    |   File "D:\PCS\backend-v2\backend\.venv\Lib\site-packages\sqlalchemy\util\langhelpers.py", line 122, in __exit__
    |     raise exc_value.with_traceback(exc_tb)
    |   File "D:\PCS\backend-v2\backend\.venv\Lib\site-packages\sqlalchemy\pool\base.py", line 1350, in _checkout
    |     fairy._connection_record.get_connection()
    |   File "D:\PCS\backend-v2\backend\.venv\Lib\site-packages\sqlalchemy\pool\base.py", line 837, in get_connection
    |     self.__connect()
    |   File "D:\PCS\backend-v2\backend\.venv\Lib\site-packages\sqlalchemy\pool\base.py", line 900, in __connect
    |     with util.safe_reraise():
    |   File "D:\PCS\backend-v2\backend\.venv\Lib\site-packages\sqlalchemy\util\langhelpers.py", line 122, in __exit__
    |     raise exc_value.with_traceback(exc_tb)
    |   File "D:\PCS\backend-v2\backend\.venv\Lib\site-packages\sqlalchemy\pool\base.py", line 896, in __connect
    |     self.dbapi_connection = connection = pool._invoke_creator(self)
    |                                          ^^^^^^^^^^^^^^^^^^^^^^^^^^
    |   File "D:\PCS\backend-v2\backend\.venv\Lib\site-packages\sqlalchemy\engine\create.py", line 667, in connect
    |     return dialect.connect(*cargs_tup, **cparams)
    |            ^^^^^^^^^^^^^^^^^^^^^^^^^^^^^^^^^^^^^^
    |   File "D:\PCS\backend-v2\backend\.venv\Lib\site-packages\sqlalchemy\engine\default.py", line 630, in connect
    |     return self.loaded_dbapi.connect(*cargs, **cparams)  # type: ignore[no-any-return]  # NOQA: E501
    |            ^^^^^^^^^^^^^^^^^^^^^^^^^^^^^^^^^^^^^^^^^^^^
    |   File "D:\PCS\backend-v2\backend\.venv\Lib\site-packages\sqlalchemy\dialects\postgresql\asyncpg.py", line 955, in connect
    |     await_only(creator_fn(*arg, **kw)),
    |     ^^^^^^^^^^^^^^^^^^^^^^^^^^^^^^^^^^
    |   File "D:\PCS\backend-v2\backend\.venv\Lib\site-packages\sqlalchemy\util\_concurrency_py3k.py", line 132, in await_only
    |     return current.parent.switch(awaitable)  # type: ignore[no-any-return,attr-defined] # noqa: E501
    |            ^^^^^^^^^^^^^^^^^^^^^^^^^^^^^^^^
    |   File "D:\PCS\backend-v2\backend\.venv\Lib\site-packages\sqlalchemy\util\_concurrency_py3k.py", line 196, in greenlet_spawn
    |     value = await result
    |             ^^^^^^^^^^^^
    |   File "D:\PCS\backend-v2\backend\.venv\Lib\site-packages\asyncpg\connection.py", line 2443, in connect
    |     return await connect_utils._connect(
    |            ^^^^^^^^^^^^^^^^^^^^^^^^^^^^^
    |   File "D:\PCS\backend-v2\backend\.venv\Lib\site-packages\asyncpg\connect_utils.py", line 1249, in _connect
    |     raise last_error or exceptions.TargetServerAttributeNotMatched(
    |   File "D:\PCS\backend-v2\backend\.venv\Lib\site-packages\asyncpg\connect_utils.py", line 1218, in _connect
    |     conn = await _connect_addr(
    |            ^^^^^^^^^^^^^^^^^^^^
    |   File "D:\PCS\backend-v2\backend\.venv\Lib\site-packages\asyncpg\connect_utils.py", line 1054, in _connect_addr
    |     return await __connect_addr(params, True, *args)
    |            ^^^^^^^^^^^^^^^^^^^^^^^^^^^^^^^^^^^^^^^^^
    |   File "D:\PCS\backend-v2\backend\.venv\Lib\site-packages\asyncpg\connect_utils.py", line 1099, in __connect_addr
    |     tr, pr = await connector
    |              ^^^^^^^^^^^^^^^
    |   File "D:\PCS\backend-v2\backend\.venv\Lib\site-packages\asyncpg\connect_utils.py", line 969, in _create_ssl_connection
    |     tr, pr = await loop.create_connection(
    |              ^^^^^^^^^^^^^^^^^^^^^^^^^^^^^
    |   File "C:\Users\mohan\AppData\Local\Programs\Python\Python312\Lib\asyncio\base_events.py", line 1104, in create_connection
    |     raise exceptions[0]
    |   File "C:\Users\mohan\AppData\Local\Programs\Python\Python312\Lib\asyncio\base_events.py", line 1081, in create_connection
    |     sock = await self._connect_sock(
    |            ^^^^^^^^^^^^^^^^^^^^^^^^^
    |   File "C:\Users\mohan\AppData\Local\Programs\Python\Python312\Lib\asyncio\base_events.py", line 984, in _connect_sock
    |     await self.sock_connect(sock, address)
    |   File "C:\Users\mohan\AppData\Local\Programs\Python\Python312\Lib\asyncio\proactor_events.py", line 727, in sock_connect
    |     return await self._proactor.connect(sock, address)
    |            ^^^^^^^^^^^^^^^^^^^^^^^^^^^^^^^^^^^^^^^^^^^
    |   File "C:\Users\mohan\AppData\Local\Programs\Python\Python312\Lib\asyncio\windows_events.py", line 798, in _poll
    |     value = callback(transferred, key, ov)
    |             ^^^^^^^^^^^^^^^^^^^^^^^^^^^^^^
    |   File "C:\Users\mohan\AppData\Local\Programs\Python\Python312\Lib\asyncio\windows_events.py", line 594, in finish_connect
    |     ov.getresult()
    | ConnectionRefusedError: [WinError 1225] The remote computer refused the network connection
    +------------------------------------

The above exception was the direct cause of the following exception:

Traceback (most recent call last):
  File "D:\PCS\backend-v2\backend\.venv\Lib\site-packages\uvicorn\protocols\http\httptools_impl.py", line 421, in run_asgi
    result = await app(  # type: ignore[func-returns-value]
             ^^^^^^^^^^^^^^^^^^^^^^^^^^^^^^^^^^^^^^^^^^^^^^
  File "D:\PCS\backend-v2\backend\.venv\Lib\site-packages\uvicorn\middleware\proxy_headers.py", line 62, in __call__
    return await self.app(scope, receive, send)
           ^^^^^^^^^^^^^^^^^^^^^^^^^^^^^^^^^^^^
  File "D:\PCS\backend-v2\backend\.venv\Lib\site-packages\fastapi\applications.py", line 1163, in __call__
    await super().__call__(scope, receive, send)
  File "D:\PCS\backend-v2\backend\.venv\Lib\site-packages\starlette\applications.py", line 90, in __call__
    await self.middleware_stack(scope, receive, send)
  File "D:\PCS\backend-v2\backend\.venv\Lib\site-packages\starlette\middleware\errors.py", line 186, in __call__
    raise exc
  File "D:\PCS\backend-v2\backend\.venv\Lib\site-packages\starlette\middleware\errors.py", line 164, in __call__
    await self.app(scope, receive, _send)
  File "D:\PCS\backend-v2\backend\.venv\Lib\site-packages\starlette\middleware\cors.py", line 96, in __call__
    await self.simple_response(scope, receive, send, request_headers=headers)
  File "D:\PCS\backend-v2\backend\.venv\Lib\site-packages\starlette\middleware\cors.py", line 154, in simple_response
    await self.app(scope, receive, send)
  File "D:\PCS\backend-v2\backend\.venv\Lib\site-packages\starlette\middleware\base.py", line 193, in __call__
    response = await self.dispatch_func(request, call_next)
               ^^^^^^^^^^^^^^^^^^^^^^^^^^^^^^^^^^^^^^^^^^^^
  File "D:\PCS\backend-v2\backend\app\core\middleware.py", line 145, in dispatch
    return await call_next(request)
           ^^^^^^^^^^^^^^^^^^^^^^^^
  File "D:\PCS\backend-v2\backend\.venv\Lib\site-packages\starlette\middleware\base.py", line 168, in call_next
    raise app_exc from app_exc.__cause__ or app_exc.__context__
  File "D:\PCS\backend-v2\backend\.venv\Lib\site-packages\starlette\middleware\base.py", line 144, in coro
    await self.app(scope, receive_or_disconnect, send_no_error)
  File "D:\PCS\backend-v2\backend\.venv\Lib\site-packages\starlette\middleware\base.py", line 193, in __call__
    response = await self.dispatch_func(request, call_next)
               ^^^^^^^^^^^^^^^^^^^^^^^^^^^^^^^^^^^^^^^^^^^^
  File "D:\PCS\backend-v2\backend\app\core\middleware.py", line 67, in dispatch
    response = await call_next(request)
               ^^^^^^^^^^^^^^^^^^^^^^^^
  File "D:\PCS\backend-v2\backend\.venv\Lib\site-packages\starlette\middleware\base.py", line 168, in call_next
    raise app_exc from app_exc.__cause__ or app_exc.__context__
  File "D:\PCS\backend-v2\backend\.venv\Lib\site-packages\starlette\middleware\base.py", line 144, in coro
    await self.app(scope, receive_or_disconnect, send_no_error)
  File "D:\PCS\backend-v2\backend\.venv\Lib\site-packages\starlette\middleware\exceptions.py", line 63, in __call__
    await wrap_app_handling_exceptions(self.app, conn)(scope, receive, send)
  File "D:\PCS\backend-v2\backend\.venv\Lib\site-packages\starlette\_exception_handler.py", line 53, in wrapped_app
    raise exc
  File "D:\PCS\backend-v2\backend\.venv\Lib\site-packages\starlette\_exception_handler.py", line 42, in wrapped_app
    await app(scope, receive, sender)
  File "D:\PCS\backend-v2\backend\.venv\Lib\site-packages\fastapi\middleware\asyncexitstack.py", line 18, in __call__
    await self.app(scope, receive, send)
  File "D:\PCS\backend-v2\backend\.venv\Lib\site-packages\starlette\routing.py", line 660, in __call__
    await self.middleware_stack(scope, receive, send)
  File "D:\PCS\backend-v2\backend\.venv\Lib\site-packages\fastapi\routing.py", line 2683, in app
    await route.handle(scope, receive, send)
  File "D:\PCS\backend-v2\backend\.venv\Lib\site-packages\fastapi\routing.py", line 1753, in handle
    await self.original_router.handle(scope, receive, send)
  File "D:\PCS\backend-v2\backend\.venv\Lib\site-packages\fastapi\routing.py", line 2738, in handle
    await included_router._handle_selected(scope, receive, send)
  File "D:\PCS\backend-v2\backend\.venv\Lib\site-packages\fastapi\routing.py", line 1773, in _handle_selected
    await original_route.handle(scope, receive, send)
  File "D:\PCS\backend-v2\backend\.venv\Lib\site-packages\fastapi\routing.py", line 1264, in handle
    await app(scope, receive, send)
  File "D:\PCS\backend-v2\backend\.venv\Lib\site-packages\fastapi\routing.py", line 150, in app
    await wrap_app_handling_exceptions(app, request)(scope, receive, send)
  File "D:\PCS\backend-v2\backend\.venv\Lib\site-packages\starlette\_exception_handler.py", line 53, in wrapped_app
    raise exc
  File "D:\PCS\backend-v2\backend\.venv\Lib\site-packages\starlette\_exception_handler.py", line 42, in wrapped_app
    await app(scope, receive, sender)
  File "D:\PCS\backend-v2\backend\.venv\Lib\site-packages\fastapi\routing.py", line 136, in app
    response = await f(request)
               ^^^^^^^^^^^^^^^^
  File "D:\PCS\backend-v2\backend\.venv\Lib\site-packages\fastapi\routing.py", line 690, in app
    raw_response = await run_endpoint_function(
                   ^^^^^^^^^^^^^^^^^^^^^^^^^^^^
  File "D:\PCS\backend-v2\backend\.venv\Lib\site-packages\fastapi\routing.py", line 344, in run_endpoint_function
    return await dependant.call(**values)
           ^^^^^^^^^^^^^^^^^^^^^^^^^^^^^^
  File "D:\PCS\backend-v2\backend\app\modules\auth\router.py", line 72, in local_login
    async with engine.connect() as conn:
  File "D:\PCS\backend-v2\backend\.venv\Lib\site-packages\sqlalchemy\ext\asyncio\base.py", line 121, in __aenter__
    return await self.start(is_ctxmanager=True)
           ^^^^^^^^^^^^^^^^^^^^^^^^^^^^^^^^^^^^
  File "D:\PCS\backend-v2\backend\.venv\Lib\site-packages\sqlalchemy\ext\asyncio\engine.py", line 275, in start
    await greenlet_spawn(self.sync_engine.connect)
  File "D:\PCS\backend-v2\backend\.venv\Lib\site-packages\sqlalchemy\util\_concurrency_py3k.py", line 201, in greenlet_spawn
    result = context.throw(*sys.exc_info())
             ^^^^^^^^^^^^^^^^^^^^^^^^^^^^^^
  File "D:\PCS\backend-v2\backend\.venv\Lib\site-packages\sqlalchemy\engine\base.py", line 3295, in connect
    return self._connection_cls(self)
           ^^^^^^^^^^^^^^^^^^^^^^^^^^
  File "D:\PCS\backend-v2\backend\.venv\Lib\site-packages\sqlalchemy\engine\base.py", line 144, in __init__
    self._dbapi_connection = engine.raw_connection()
                             ^^^^^^^^^^^^^^^^^^^^^^^
  File "D:\PCS\backend-v2\backend\.venv\Lib\site-packages\sqlalchemy\engine\base.py", line 3319, in raw_connection
    return self.pool.connect()
           ^^^^^^^^^^^^^^^^^^^
  File "D:\PCS\backend-v2\backend\.venv\Lib\site-packages\sqlalchemy\pool\base.py", line 448, in connect
    return _ConnectionFairy._checkout(self)
           ^^^^^^^^^^^^^^^^^^^^^^^^^^^^^^^^
  File "D:\PCS\backend-v2\backend\.venv\Lib\site-packages\sqlalchemy\pool\base.py", line 1353, in _checkout
    with util.safe_reraise():
  File "D:\PCS\backend-v2\backend\.venv\Lib\site-packages\sqlalchemy\util\langhelpers.py", line 122, in __exit__
    raise exc_value.with_traceback(exc_tb)
  File "D:\PCS\backend-v2\backend\.venv\Lib\site-packages\sqlalchemy\pool\base.py", line 1350, in _checkout
    fairy._connection_record.get_connection()
  File "D:\PCS\backend-v2\backend\.venv\Lib\site-packages\sqlalchemy\pool\base.py", line 837, in get_connection
    self.__connect()
  File "D:\PCS\backend-v2\backend\.venv\Lib\site-packages\sqlalchemy\pool\base.py", line 900, in __connect
    with util.safe_reraise():
  File "D:\PCS\backend-v2\backend\.venv\Lib\site-packages\sqlalchemy\util\langhelpers.py", line 122, in __exit__
    raise exc_value.with_traceback(exc_tb)
  File "D:\PCS\backend-v2\backend\.venv\Lib\site-packages\sqlalchemy\pool\base.py", line 896, in __connect
    self.dbapi_connection = connection = pool._invoke_creator(self)
                                         ^^^^^^^^^^^^^^^^^^^^^^^^^^
  File "D:\PCS\backend-v2\backend\.venv\Lib\site-packages\sqlalchemy\engine\create.py", line 667, in connect
    return dialect.connect(*cargs_tup, **cparams)
           ^^^^^^^^^^^^^^^^^^^^^^^^^^^^^^^^^^^^^^
  File "D:\PCS\backend-v2\backend\.venv\Lib\site-packages\sqlalchemy\engine\default.py", line 630, in connect
    return self.loaded_dbapi.connect(*cargs, **cparams)  # type: ignore[no-any-return]  # NOQA: E501
           ^^^^^^^^^^^^^^^^^^^^^^^^^^^^^^^^^^^^^^^^^^^^
  File "D:\PCS\backend-v2\backend\.venv\Lib\site-packages\sqlalchemy\dialects\postgresql\asyncpg.py", line 955, in connect
    await_only(creator_fn(*arg, **kw)),
    ^^^^^^^^^^^^^^^^^^^^^^^^^^^^^^^^^^
  File "D:\PCS\backend-v2\backend\.venv\Lib\site-packages\sqlalchemy\util\_concurrency_py3k.py", line 132, in await_only
    return current.parent.switch(awaitable)  # type: ignore[no-any-return,attr-defined] # noqa: E501
           ^^^^^^^^^^^^^^^^^^^^^^^^^^^^^^^^
  File "D:\PCS\backend-v2\backend\.venv\Lib\site-packages\sqlalchemy\util\_concurrency_py3k.py", line 196, in greenlet_spawn
    value = await result
            ^^^^^^^^^^^^
  File "D:\PCS\backend-v2\backend\.venv\Lib\site-packages\asyncpg\connection.py", line 2443, in connect
    return await connect_utils._connect(
           ^^^^^^^^^^^^^^^^^^^^^^^^^^^^^
  File "D:\PCS\backend-v2\backend\.venv\Lib\site-packages\asyncpg\connect_utils.py", line 1249, in _connect
    raise last_error or exceptions.TargetServerAttributeNotMatched(
  File "D:\PCS\backend-v2\backend\.venv\Lib\site-packages\asyncpg\connect_utils.py", line 1218, in _connect
    conn = await _connect_addr(
           ^^^^^^^^^^^^^^^^^^^^
  File "D:\PCS\backend-v2\backend\.venv\Lib\site-packages\asyncpg\connect_utils.py", line 1054, in _connect_addr
    return await __connect_addr(params, True, *args)
           ^^^^^^^^^^^^^^^^^^^^^^^^^^^^^^^^^^^^^^^^^
  File "D:\PCS\backend-v2\backend\.venv\Lib\site-packages\asyncpg\connect_utils.py", line 1099, in __connect_addr
    tr, pr = await connector
             ^^^^^^^^^^^^^^^
  File "D:\PCS\backend-v2\backend\.venv\Lib\site-packages\asyncpg\connect_utils.py", line 969, in _create_ssl_connection
    tr, pr = await loop.create_connection(
             ^^^^^^^^^^^^^^^^^^^^^^^^^^^^^
  File "C:\Users\mohan\AppData\Local\Programs\Python\Python312\Lib\asyncio\base_events.py", line 1104, in create_connection
    raise exceptions[0]
  File "C:\Users\mohan\AppData\Local\Programs\Python\Python312\Lib\asyncio\base_events.py", line 1081, in create_connection
    sock = await self._connect_sock(
           ^^^^^^^^^^^^^^^^^^^^^^^^^
  File "C:\Users\mohan\AppData\Local\Programs\Python\Python312\Lib\asyncio\base_events.py", line 984, in _connect_sock
    await self.sock_connect(sock, address)
  File "C:\Users\mohan\AppData\Local\Programs\Python\Python312\Lib\asyncio\proactor_events.py", line 727, in sock_connect
    return await self._proactor.connect(sock, address)
           ^^^^^^^^^^^^^^^^^^^^^^^^^^^^^^^^^^^^^^^^^^^
  File "C:\Users\mohan\AppData\Local\Programs\Python\Python312\Lib\asyncio\windows_events.py", line 798, in _poll
    value = callback(transferred, key, ov)
            ^^^^^^^^^^^^^^^^^^^^^^^^^^^^^^
  File "C:\Users\mohan\AppData\Local\Programs\Python\Python312\Lib\asyncio\windows_events.py", line 594, in finish_connect
    ov.getresult()
ConnectionRefusedError: [WinError 1225] The remote computer refused the network connection
